2019-11-18 00:05:46.505  INFO 5216 --- [Thread-99] o.s.s.concurrent.ThreadPoolTaskExecutor  : Shutting down ExecutorService 'applicationTaskExecutor'
2019-11-18 00:05:47.955  INFO 5216 --- [restartedMain] com.oyms.OymsApplication                 : Starting OymsApplication on DESKTOP-CVJINEV with PID 5216 (E:\sts\oymsback1-master\target\classes started by ou in E:\sts\oymsback1-master)
2019-11-18 00:05:47.956  INFO 5216 --- [restartedMain] com.oyms.OymsApplication                 : No active profile set, falling back to default profiles: default
2019-11-18 00:05:48.524  INFO 5216 --- [restartedMain] o.s.b.w.embedded.tomcat.TomcatWebServer  : Tomcat initialized with port(s): 8001 (http)
2019-11-18 00:05:48.525  INFO 5216 --- [restartedMain] o.apache.catalina.core.StandardService   : Starting service [Tomcat]
2019-11-18 00:05:48.526  INFO 5216 --- [restartedMain] org.apache.catalina.core.StandardEngine  : Starting Servlet engine: [Apache Tomcat/9.0.21]
2019-11-18 00:05:48.549  INFO 5216 --- [restartedMain] o.a.c.c.C.[Tomcat-1].[localhost].[/]     : Initializing Spring embedded WebApplicationContext
2019-11-18 00:05:48.550  INFO 5216 --- [restartedMain] o.s.web.context.ContextLoader            : Root WebApplicationContext: initialization completed in 592 ms
2019-11-18 00:05:48.802  INFO 5216 --- [restartedMain] o.s.s.concurrent.ThreadPoolTaskExecutor  : Initializing ExecutorService 'applicationTaskExecutor'
2019-11-18 00:05:48.972  INFO 5216 --- [restartedMain] o.s.b.d.a.OptionalLiveReloadServer       : LiveReload server is running on port 35729
2019-11-18 00:05:48.998  INFO 5216 --- [restartedMain] o.s.b.w.embedded.tomcat.TomcatWebServer  : Tomcat started on port(s): 8001 (http) with context path ''
2019-11-18 00:05:48.999  INFO 5216 --- [restartedMain] com.oyms.OymsApplication                 : Started OymsApplication in 1.096 seconds (JVM running for 18152.625)
2019-11-18 00:05:49.001  INFO 5216 --- [restartedMain] .ConditionEvaluationDeltaLoggingListener : Condition evaluation unchanged
2019-11-18 00:06:44.204  INFO 5216 --- [Thread-107] o.s.s.concurrent.ThreadPoolTaskExecutor  : Shutting down ExecutorService 'applicationTaskExecutor'
2019-11-18 00:06:44.721  INFO 5216 --- [restartedMain] com.oyms.OymsApplication                 : Starting OymsApplication on DESKTOP-CVJINEV with PID 5216 (E:\sts\oymsback1-master\target\classes started by ou in E:\sts\oymsback1-master)
2019-11-18 00:06:44.721  INFO 5216 --- [restartedMain] com.oyms.OymsApplication                 : No active profile set, falling back to default profiles: default
2019-11-18 00:06:45.142  INFO 5216 --- [restartedMain] o.s.b.w.embedded.tomcat.TomcatWebServer  : Tomcat initialized with port(s): 8001 (http)
2019-11-18 00:06:45.143  INFO 5216 --- [restartedMain] o.apache.catalina.core.StandardService   : Starting service [Tomcat]
2019-11-18 00:06:45.143  INFO 5216 --- [restartedMain] org.apache.catalina.core.StandardEngine  : Starting Servlet engine: [Apache Tomcat/9.0.21]
2019-11-18 00:06:45.172  INFO 5216 --- [restartedMain] o.a.c.c.C.[Tomcat-1].[localhost].[/]     : Initializing Spring embedded WebApplicationContext
2019-11-18 00:06:45.172  INFO 5216 --- [restartedMain] o.s.web.context.ContextLoader            : Root WebApplicationContext: initialization completed in 443 ms
2019-11-18 00:06:45.386  INFO 5216 --- [restartedMain] o.s.s.concurrent.ThreadPoolTaskExecutor  : Initializing ExecutorService 'applicationTaskExecutor'
2019-11-18 00:06:45.500  INFO 5216 --- [restartedMain] o.s.b.d.a.OptionalLiveReloadServer       : LiveReload server is running on port 35729
2019-11-18 00:06:45.524  INFO 5216 --- [restartedMain] o.s.b.w.embedded.tomcat.TomcatWebServer  : Tomcat started on port(s): 8001 (http) with context path ''
2019-11-18 00:06:45.526  INFO 5216 --- [restartedMain] com.oyms.OymsApplication                 : Started OymsApplication in 0.835 seconds (JVM running for 18209.152)
2019-11-18 00:06:45.530  INFO 5216 --- [restartedMain] .ConditionEvaluationDeltaLoggingListener : Condition evaluation unchanged
2019-11-18 00:07:33.390  INFO 5216 --- [http-nio-8001-exec-1] o.a.c.c.C.[Tomcat-1].[localhost].[/]     : Initializing Spring DispatcherServlet 'dispatcherServlet'
2019-11-18 00:07:33.404  INFO 5216 --- [http-nio-8001-exec-1] o.s.web.servlet.DispatcherServlet        : Initializing Servlet 'dispatcherServlet'
2019-11-18 00:07:33.524  INFO 5216 --- [http-nio-8001-exec-1] o.s.web.servlet.DispatcherServlet        : Completed initialization in 119 ms
2019-11-18 00:07:33.612  INFO 5216 --- [http-nio-8001-exec-1] com.zaxxer.hikari.HikariDataSource       : HikariPool-6 - Starting...
2019-11-18 00:07:33.892  INFO 5216 --- [http-nio-8001-exec-1] com.zaxxer.hikari.HikariDataSource       : HikariPool-6 - Start completed.
2019-11-18 00:46:46.168  INFO 5216 --- [Thread-115] o.s.s.concurrent.ThreadPoolTaskExecutor  : Shutting down ExecutorService 'applicationTaskExecutor'
2019-11-18 00:46:46.274  INFO 5216 --- [Thread-115] com.zaxxer.hikari.HikariDataSource       : HikariPool-6 - Shutdown initiated...
2019-11-18 00:46:46.305  INFO 5216 --- [Thread-115] com.zaxxer.hikari.HikariDataSource       : HikariPool-6 - Shutdown completed.
2019-11-18 00:46:48.375  INFO 5216 --- [restartedMain] com.oyms.OymsApplication                 : Starting OymsApplication on DESKTOP-CVJINEV with PID 5216 (E:\sts\oymsback1-master\target\classes started by ou in E:\sts\oymsback1-master)
2019-11-18 00:46:48.376  INFO 5216 --- [restartedMain] com.oyms.OymsApplication                 : No active profile set, falling back to default profiles: default
2019-11-18 00:46:49.938  INFO 5216 --- [restartedMain] o.s.b.w.embedded.tomcat.TomcatWebServer  : Tomcat initialized with port(s): 8001 (http)
2019-11-18 00:46:49.940  INFO 5216 --- [restartedMain] o.apache.catalina.core.StandardService   : Starting service [Tomcat]
2019-11-18 00:46:49.940  INFO 5216 --- [restartedMain] org.apache.catalina.core.StandardEngine  : Starting Servlet engine: [Apache Tomcat/9.0.21]
2019-11-18 00:46:49.964  INFO 5216 --- [restartedMain] o.a.c.c.C.[Tomcat-1].[localhost].[/]     : Initializing Spring embedded WebApplicationContext
2019-11-18 00:46:49.964  INFO 5216 --- [restartedMain] o.s.web.context.ContextLoader            : Root WebApplicationContext: initialization completed in 1585 ms
2019-11-18 00:46:51.042  INFO 5216 --- [restartedMain] o.s.s.concurrent.ThreadPoolTaskExecutor  : Initializing ExecutorService 'applicationTaskExecutor'
2019-11-18 00:46:51.267  INFO 5216 --- [restartedMain] o.s.b.d.a.OptionalLiveReloadServer       : LiveReload server is running on port 35729
2019-11-18 00:46:51.314  INFO 5216 --- [restartedMain] o.s.b.w.embedded.tomcat.TomcatWebServer  : Tomcat started on port(s): 8001 (http) with context path ''
2019-11-18 00:46:51.315  INFO 5216 --- [restartedMain] com.oyms.OymsApplication                 : Started OymsApplication in 3.028 seconds (JVM running for 20614.941)
2019-11-18 00:46:51.318  INFO 5216 --- [restartedMain] .ConditionEvaluationDeltaLoggingListener : Condition evaluation unchanged
2019-11-18 00:47:55.828  INFO 5216 --- [Thread-135] o.s.s.concurrent.ThreadPoolTaskExecutor  : Shutting down ExecutorService 'applicationTaskExecutor'
2019-11-18 00:47:56.329  INFO 5216 --- [restartedMain] com.oyms.OymsApplication                 : Starting OymsApplication on DESKTOP-CVJINEV with PID 5216 (E:\sts\oymsback1-master\target\classes started by ou in E:\sts\oymsback1-master)
2019-11-18 00:47:56.330  INFO 5216 --- [restartedMain] com.oyms.OymsApplication                 : No active profile set, falling back to default profiles: default
2019-11-18 00:47:56.988  INFO 5216 --- [restartedMain] o.s.b.w.embedded.tomcat.TomcatWebServer  : Tomcat initialized with port(s): 8001 (http)
2019-11-18 00:47:56.989  INFO 5216 --- [restartedMain] o.apache.catalina.core.StandardService   : Starting service [Tomcat]
2019-11-18 00:47:56.989  INFO 5216 --- [restartedMain] org.apache.catalina.core.StandardEngine  : Starting Servlet engine: [Apache Tomcat/9.0.21]
2019-11-18 00:47:57.012  INFO 5216 --- [restartedMain] o.a.c.c.C.[Tomcat-1].[localhost].[/]     : Initializing Spring embedded WebApplicationContext
2019-11-18 00:47:57.019  INFO 5216 --- [restartedMain] o.s.web.context.ContextLoader            : Root WebApplicationContext: initialization completed in 687 ms
2019-11-18 00:47:57.250  INFO 5216 --- [restartedMain] o.s.s.concurrent.ThreadPoolTaskExecutor  : Initializing ExecutorService 'applicationTaskExecutor'
2019-11-18 00:47:57.368  INFO 5216 --- [restartedMain] o.s.b.d.a.OptionalLiveReloadServer       : LiveReload server is running on port 35729
2019-11-18 00:47:57.392  INFO 5216 --- [restartedMain] o.s.b.w.embedded.tomcat.TomcatWebServer  : Tomcat started on port(s): 8001 (http) with context path ''
2019-11-18 00:47:57.396  INFO 5216 --- [restartedMain] com.oyms.OymsApplication                 : Started OymsApplication in 1.102 seconds (JVM running for 20681.022)
2019-11-18 00:47:57.401  INFO 5216 --- [restartedMain] .ConditionEvaluationDeltaLoggingListener : Condition evaluation unchanged
2019-11-18 00:48:12.403  INFO 5216 --- [http-nio-8001-exec-1] o.a.c.c.C.[Tomcat-1].[localhost].[/]     : Initializing Spring DispatcherServlet 'dispatcherServlet'
2019-11-18 00:48:12.404  INFO 5216 --- [http-nio-8001-exec-1] o.s.web.servlet.DispatcherServlet        : Initializing Servlet 'dispatcherServlet'
2019-11-18 00:48:12.412  INFO 5216 --- [http-nio-8001-exec-1] o.s.web.servlet.DispatcherServlet        : Completed initialization in 7 ms
2019-11-18 00:48:12.414  INFO 5216 --- [http-nio-8001-exec-1] com.zaxxer.hikari.HikariDataSource       : HikariPool-7 - Starting...
2019-11-18 00:48:12.442  INFO 5216 --- [http-nio-8001-exec-1] com.zaxxer.hikari.HikariDataSource       : HikariPool-7 - Start completed.
2019-11-18 01:24:55.879  INFO 5216 --- [RMI TCP Connection(885)-127.0.0.1] inMXBeanRegistrar$SpringApplicationAdmin : Application shutdown requested.
2019-11-18 01:24:55.988  INFO 5216 --- [RMI TCP Connection(885)-127.0.0.1] o.s.s.concurrent.ThreadPoolTaskExecutor  : Shutting down ExecutorService 'applicationTaskExecutor'
2019-11-18 01:24:56.002  INFO 5216 --- [RMI TCP Connection(885)-127.0.0.1] com.zaxxer.hikari.HikariDataSource       : HikariPool-7 - Shutdown initiated...
2019-11-18 01:24:56.026  INFO 5216 --- [RMI TCP Connection(885)-127.0.0.1] com.zaxxer.hikari.HikariDataSource       : HikariPool-7 - Shutdown completed.
2019-11-18 01:25:01.251  INFO 18308 --- [restartedMain] com.oyms.OymsApplication                 : Starting OymsApplication on DESKTOP-CVJINEV with PID 18308 (E:\sts\oymsback1-master\target\classes started by ou in E:\sts\oymsback1-master)
2019-11-18 01:25:01.254  INFO 18308 --- [restartedMain] com.oyms.OymsApplication                 : No active profile set, falling back to default profiles: default
2019-11-18 01:25:01.329  INFO 18308 --- [restartedMain] .e.DevToolsPropertyDefaultsPostProcessor : Devtools property defaults active! Set 'spring.devtools.add-properties' to 'false' to disable
2019-11-18 01:25:01.330  INFO 18308 --- [restartedMain] .e.DevToolsPropertyDefaultsPostProcessor : For additional web related logging consider setting the 'logging.level.web' property to 'DEBUG'
2019-11-18 01:25:03.595  INFO 18308 --- [restartedMain] o.s.b.w.embedded.tomcat.TomcatWebServer  : Tomcat initialized with port(s): 8001 (http)
2019-11-18 01:25:03.624  INFO 18308 --- [restartedMain] o.apache.catalina.core.StandardService   : Starting service [Tomcat]
2019-11-18 01:25:03.624  INFO 18308 --- [restartedMain] org.apache.catalina.core.StandardEngine  : Starting Servlet engine: [Apache Tomcat/9.0.21]
2019-11-18 01:25:03.819  INFO 18308 --- [restartedMain] o.a.c.c.C.[Tomcat].[localhost].[/]       : Initializing Spring embedded WebApplicationContext
2019-11-18 01:25:03.820  INFO 18308 --- [restartedMain] o.s.web.context.ContextLoader            : Root WebApplicationContext: initialization completed in 2490 ms
2019-11-18 01:25:04.829  INFO 18308 --- [restartedMain] o.s.s.concurrent.ThreadPoolTaskExecutor  : Initializing ExecutorService 'applicationTaskExecutor'
2019-11-18 01:25:05.398  INFO 18308 --- [restartedMain] o.s.b.d.a.OptionalLiveReloadServer       : LiveReload server is running on port 35729
2019-11-18 01:25:05.487  INFO 18308 --- [restartedMain] o.s.b.w.embedded.tomcat.TomcatWebServer  : Tomcat started on port(s): 8001 (http) with context path ''
2019-11-18 01:25:05.492  INFO 18308 --- [restartedMain] com.oyms.OymsApplication                 : Started OymsApplication in 4.705 seconds (JVM running for 6.106)
2019-11-18 01:28:08.780  INFO 18308 --- [Thread-8] o.s.s.concurrent.ThreadPoolTaskExecutor  : Shutting down ExecutorService 'applicationTaskExecutor'
2019-11-18 01:28:09.963  INFO 18308 --- [restartedMain] com.oyms.OymsApplication                 : Starting OymsApplication on DESKTOP-CVJINEV with PID 18308 (E:\sts\oymsback1-master\target\classes started by ou in E:\sts\oymsback1-master)
2019-11-18 01:28:09.964  INFO 18308 --- [restartedMain] com.oyms.OymsApplication                 : No active profile set, falling back to default profiles: default
2019-11-18 01:28:11.162  INFO 18308 --- [restartedMain] o.s.b.w.embedded.tomcat.TomcatWebServer  : Tomcat initialized with port(s): 8001 (http)
2019-11-18 01:28:11.164  INFO 18308 --- [restartedMain] o.apache.catalina.core.StandardService   : Starting service [Tomcat]
2019-11-18 01:28:11.164  INFO 18308 --- [restartedMain] org.apache.catalina.core.StandardEngine  : Starting Servlet engine: [Apache Tomcat/9.0.21]
2019-11-18 01:28:11.190  INFO 18308 --- [restartedMain] o.a.c.c.C.[Tomcat].[localhost].[/]       : Initializing Spring embedded WebApplicationContext
2019-11-18 01:28:11.190  INFO 18308 --- [restartedMain] o.s.web.context.ContextLoader            : Root WebApplicationContext: initialization completed in 1213 ms
2019-11-18 01:28:11.607  INFO 18308 --- [restartedMain] o.s.s.concurrent.ThreadPoolTaskExecutor  : Initializing ExecutorService 'applicationTaskExecutor'
2019-11-18 01:28:11.863  INFO 18308 --- [restartedMain] o.s.b.d.a.OptionalLiveReloadServer       : LiveReload server is running on port 35729
2019-11-18 01:28:11.908  INFO 18308 --- [restartedMain] o.s.b.w.embedded.tomcat.TomcatWebServer  : Tomcat started on port(s): 8001 (http) with context path ''
2019-11-18 01:28:11.911  INFO 18308 --- [restartedMain] com.oyms.OymsApplication                 : Started OymsApplication in 2.077 seconds (JVM running for 192.525)
2019-11-18 01:28:11.919  INFO 18308 --- [restartedMain] .ConditionEvaluationDeltaLoggingListener : Condition evaluation unchanged
2019-11-18 01:28:56.861  INFO 18308 --- [Thread-16] o.s.s.concurrent.ThreadPoolTaskExecutor  : Shutting down ExecutorService 'applicationTaskExecutor'
2019-11-18 01:28:57.377  INFO 18308 --- [restartedMain] com.oyms.OymsApplication                 : Starting OymsApplication on DESKTOP-CVJINEV with PID 18308 (E:\sts\oymsback1-master\target\classes started by ou in E:\sts\oymsback1-master)
2019-11-18 01:28:57.377  INFO 18308 --- [restartedMain] com.oyms.OymsApplication                 : No active profile set, falling back to default profiles: default
2019-11-18 01:28:57.891  INFO 18308 --- [restartedMain] o.s.b.w.embedded.tomcat.TomcatWebServer  : Tomcat initialized with port(s): 8001 (http)
2019-11-18 01:28:57.892  INFO 18308 --- [restartedMain] o.apache.catalina.core.StandardService   : Starting service [Tomcat]
2019-11-18 01:28:57.892  INFO 18308 --- [restartedMain] org.apache.catalina.core.StandardEngine  : Starting Servlet engine: [Apache Tomcat/9.0.21]
2019-11-18 01:28:57.921  INFO 18308 --- [restartedMain] o.a.c.c.C.[Tomcat].[localhost].[/]       : Initializing Spring embedded WebApplicationContext
2019-11-18 01:28:57.922  INFO 18308 --- [restartedMain] o.s.web.context.ContextLoader            : Root WebApplicationContext: initialization completed in 541 ms
2019-11-18 01:28:58.191  INFO 18308 --- [restartedMain] o.s.s.concurrent.ThreadPoolTaskExecutor  : Initializing ExecutorService 'applicationTaskExecutor'
2019-11-18 01:28:58.324  INFO 18308 --- [restartedMain] o.s.b.d.a.OptionalLiveReloadServer       : LiveReload server is running on port 35729
2019-11-18 01:28:58.343  INFO 18308 --- [restartedMain] o.s.b.w.embedded.tomcat.TomcatWebServer  : Tomcat started on port(s): 8001 (http) with context path ''
2019-11-18 01:28:58.345  INFO 18308 --- [restartedMain] com.oyms.OymsApplication                 : Started OymsApplication in 1.006 seconds (JVM running for 238.959)
2019-11-18 01:28:58.351  INFO 18308 --- [restartedMain] .ConditionEvaluationDeltaLoggingListener : Condition evaluation unchanged
2019-11-18 01:29:47.913  INFO 18308 --- [Thread-24] o.s.s.concurrent.ThreadPoolTaskExecutor  : Shutting down ExecutorService 'applicationTaskExecutor'
2019-11-18 01:29:48.644  INFO 18308 --- [restartedMain] com.oyms.OymsApplication                 : Starting OymsApplication on DESKTOP-CVJINEV with PID 18308 (E:\sts\oymsback1-master\target\classes started by ou in E:\sts\oymsback1-master)
2019-11-18 01:29:48.645  INFO 18308 --- [restartedMain] com.oyms.OymsApplication                 : No active profile set, falling back to default profiles: default
2019-11-18 01:29:49.376  INFO 11744 --- [restartedMain] com.oyms.OymsApplication                 : Starting OymsApplication on DESKTOP-CVJINEV with PID 11744 (E:\sts\oymsback1-master\target\classes started by ou in E:\sts\oymsback1-master)
2019-11-18 01:29:49.395  INFO 11744 --- [restartedMain] com.oyms.OymsApplication                 : No active profile set, falling back to default profiles: default
2019-11-18 01:29:49.497  INFO 11744 --- [restartedMain] .e.DevToolsPropertyDefaultsPostProcessor : Devtools property defaults active! Set 'spring.devtools.add-properties' to 'false' to disable
2019-11-18 01:29:49.497  INFO 11744 --- [restartedMain] .e.DevToolsPropertyDefaultsPostProcessor : For additional web related logging consider setting the 'logging.level.web' property to 'DEBUG'
2019-11-18 01:29:49.518  INFO 18308 --- [restartedMain] o.s.b.w.embedded.tomcat.TomcatWebServer  : Tomcat initialized with port(s): 8001 (http)
2019-11-18 01:29:49.524  INFO 18308 --- [restartedMain] o.apache.catalina.core.StandardService   : Starting service [Tomcat]
2019-11-18 01:29:49.526  INFO 18308 --- [restartedMain] org.apache.catalina.core.StandardEngine  : Starting Servlet engine: [Apache Tomcat/9.0.21]
2019-11-18 01:29:49.562  INFO 18308 --- [restartedMain] o.a.c.c.C.[Tomcat].[localhost].[/]       : Initializing Spring embedded WebApplicationContext
2019-11-18 01:29:49.562  INFO 18308 --- [restartedMain] o.s.web.context.ContextLoader            : Root WebApplicationContext: initialization completed in 914 ms
2019-11-18 01:29:50.147  INFO 18308 --- [restartedMain] o.s.s.concurrent.ThreadPoolTaskExecutor  : Initializing ExecutorService 'applicationTaskExecutor'
2019-11-18 01:29:50.321  INFO 18308 --- [restartedMain] o.s.b.d.a.OptionalLiveReloadServer       : LiveReload server is running on port 35729
2019-11-18 01:29:50.349  INFO 18308 --- [restartedMain] o.s.b.w.embedded.tomcat.TomcatWebServer  : Tomcat started on port(s): 8001 (http) with context path ''
2019-11-18 01:29:50.351  INFO 18308 --- [restartedMain] com.oyms.OymsApplication                 : Started OymsApplication in 1.776 seconds (JVM running for 290.965)
2019-11-18 01:29:50.355  INFO 18308 --- [restartedMain] .ConditionEvaluationDeltaLoggingListener : Condition evaluation unchanged
2019-11-18 01:29:51.951  INFO 11744 --- [restartedMain] o.s.b.w.embedded.tomcat.TomcatWebServer  : Tomcat initialized with port(s): 8001 (http)
2019-11-18 01:29:52.044  INFO 11744 --- [restartedMain] o.apache.catalina.core.StandardService   : Starting service [Tomcat]
2019-11-18 01:29:52.045  INFO 11744 --- [restartedMain] org.apache.catalina.core.StandardEngine  : Starting Servlet engine: [Apache Tomcat/9.0.21]
2019-11-18 01:29:52.251  INFO 11744 --- [restartedMain] o.a.c.c.C.[Tomcat].[localhost].[/]       : Initializing Spring embedded WebApplicationContext
2019-11-18 01:29:52.252  INFO 11744 --- [restartedMain] o.s.web.context.ContextLoader            : Root WebApplicationContext: initialization completed in 2755 ms
2019-11-18 01:29:53.140  INFO 11744 --- [restartedMain] o.s.s.concurrent.ThreadPoolTaskExecutor  : Initializing ExecutorService 'applicationTaskExecutor'
2019-11-18 01:29:53.704  WARN 11744 --- [restartedMain] o.s.b.d.a.OptionalLiveReloadServer       : Unable to start LiveReload server
2019-11-18 01:29:53.815 ERROR 11744 --- [restartedMain] org.apache.catalina.util.LifecycleBase   : Failed to start component [Connector[HTTP/1.1-8001]]

org.apache.catalina.LifecycleException: Protocol handler start failed
	at org.apache.catalina.connector.Connector.startInternal(Connector.java:1008) ~[tomcat-embed-core-9.0.21.jar:9.0.21]
	at org.apache.catalina.util.LifecycleBase.start(LifecycleBase.java:183) ~[tomcat-embed-core-9.0.21.jar:9.0.21]
	at org.apache.catalina.core.StandardService.addConnector(StandardService.java:227) [tomcat-embed-core-9.0.21.jar:9.0.21]
	at org.springframework.boot.web.embedded.tomcat.TomcatWebServer.addPreviouslyRemovedConnectors(TomcatWebServer.java:263) [spring-boot-2.1.6.RELEASE.jar:2.1.6.RELEASE]
	at org.springframework.boot.web.embedded.tomcat.TomcatWebServer.start(TomcatWebServer.java:195) [spring-boot-2.1.6.RELEASE.jar:2.1.6.RELEASE]
	at org.springframework.boot.web.servlet.context.ServletWebServerApplicationContext.startWebServer(ServletWebServerApplicationContext.java:296) [spring-boot-2.1.6.RELEASE.jar:2.1.6.RELEASE]
	at org.springframework.boot.web.servlet.context.ServletWebServerApplicationContext.finishRefresh(ServletWebServerApplicationContext.java:162) [spring-boot-2.1.6.RELEASE.jar:2.1.6.RELEASE]
	at org.springframework.context.support.AbstractApplicationContext.refresh(AbstractApplicationContext.java:552) [spring-context-5.1.8.RELEASE.jar:5.1.8.RELEASE]
	at org.springframework.boot.web.servlet.context.ServletWebServerApplicationContext.refresh(ServletWebServerApplicationContext.java:140) [spring-boot-2.1.6.RELEASE.jar:2.1.6.RELEASE]
	at org.springframework.boot.SpringApplication.refresh(SpringApplication.java:742) [spring-boot-2.1.6.RELEASE.jar:2.1.6.RELEASE]
	at org.springframework.boot.SpringApplication.refreshContext(SpringApplication.java:389) [spring-boot-2.1.6.RELEASE.jar:2.1.6.RELEASE]
	at org.springframework.boot.SpringApplication.run(SpringApplication.java:311) [spring-boot-2.1.6.RELEASE.jar:2.1.6.RELEASE]
	at org.springframework.boot.SpringApplication.run(SpringApplication.java:1213) [spring-boot-2.1.6.RELEASE.jar:2.1.6.RELEASE]
	at org.springframework.boot.SpringApplication.run(SpringApplication.java:1202) [spring-boot-2.1.6.RELEASE.jar:2.1.6.RELEASE]
	at com.oyms.OymsApplication.main(OymsApplication.java:12) [classes/:na]
	at sun.reflect.NativeMethodAccessorImpl.invoke0(Native Method) ~[na:1.8.0_151]
	at sun.reflect.NativeMethodAccessorImpl.invoke(Unknown Source) ~[na:1.8.0_151]
	at sun.reflect.DelegatingMethodAccessorImpl.invoke(Unknown Source) ~[na:1.8.0_151]
	at java.lang.reflect.Method.invoke(Unknown Source) ~[na:1.8.0_151]
	at org.springframework.boot.devtools.restart.RestartLauncher.run(RestartLauncher.java:49) [spring-boot-devtools-2.1.6.RELEASE.jar:2.1.6.RELEASE]
Caused by: java.net.BindException: Address already in use: bind
	at sun.nio.ch.Net.bind0(Native Method) ~[na:1.8.0_151]
	at sun.nio.ch.Net.bind(Unknown Source) ~[na:1.8.0_151]
	at sun.nio.ch.Net.bind(Unknown Source) ~[na:1.8.0_151]
	at sun.nio.ch.ServerSocketChannelImpl.bind(Unknown Source) ~[na:1.8.0_151]
	at sun.nio.ch.ServerSocketAdaptor.bind(Unknown Source) ~[na:1.8.0_151]
	at org.apache.tomcat.util.net.NioEndpoint.initServerSocket(NioEndpoint.java:230) ~[tomcat-embed-core-9.0.21.jar:9.0.21]
	at org.apache.tomcat.util.net.NioEndpoint.bind(NioEndpoint.java:213) ~[tomcat-embed-core-9.0.21.jar:9.0.21]
	at org.apache.tomcat.util.net.AbstractEndpoint.bindWithCleanup(AbstractEndpoint.java:1124) ~[tomcat-embed-core-9.0.21.jar:9.0.21]
	at org.apache.tomcat.util.net.AbstractEndpoint.start(AbstractEndpoint.java:1210) ~[tomcat-embed-core-9.0.21.jar:9.0.21]
	at org.apache.coyote.AbstractProtocol.start(AbstractProtocol.java:585) ~[tomcat-embed-core-9.0.21.jar:9.0.21]
	at org.apache.catalina.connector.Connector.startInternal(Connector.java:1005) ~[tomcat-embed-core-9.0.21.jar:9.0.21]
	... 19 common frames omitted

2019-11-18 01:29:53.825  INFO 11744 --- [restartedMain] o.apache.catalina.core.StandardService   : Stopping service [Tomcat]
2019-11-18 01:29:53.842  INFO 11744 --- [restartedMain] ConditionEvaluationReportLoggingListener : 

Error starting ApplicationContext. To display the conditions report re-run your application with 'debug' enabled.
2019-11-18 01:29:53.850 ERROR 11744 --- [restartedMain] o.s.b.d.LoggingFailureAnalysisReporter   : 

***************************
APPLICATION FAILED TO START
***************************

Description:

The Tomcat connector configured to listen on port 8001 failed to start. The port may already be in use or the connector may be misconfigured.

Action:

Verify the connector's configuration, identify and stop any process that's listening on port 8001, or configure this application to listen on another port.

2019-11-18 01:29:53.858  INFO 11744 --- [restartedMain] o.s.s.concurrent.ThreadPoolTaskExecutor  : Shutting down ExecutorService 'applicationTaskExecutor'
2019-11-18 01:30:28.649  INFO 18308 --- [Thread-32] o.s.s.concurrent.ThreadPoolTaskExecutor  : Shutting down ExecutorService 'applicationTaskExecutor'
2019-11-18 01:30:29.145  INFO 18308 --- [restartedMain] com.oyms.OymsApplication                 : Starting OymsApplication on DESKTOP-CVJINEV with PID 18308 (E:\sts\oymsback1-master\target\classes started by ou in E:\sts\oymsback1-master)
2019-11-18 01:30:29.145  INFO 18308 --- [restartedMain] com.oyms.OymsApplication                 : No active profile set, falling back to default profiles: default
2019-11-18 01:30:29.660  INFO 18308 --- [restartedMain] o.s.b.w.embedded.tomcat.TomcatWebServer  : Tomcat initialized with port(s): 8001 (http)
2019-11-18 01:30:29.661  INFO 18308 --- [restartedMain] o.apache.catalina.core.StandardService   : Starting service [Tomcat]
2019-11-18 01:30:29.661  INFO 18308 --- [restartedMain] org.apache.catalina.core.StandardEngine  : Starting Servlet engine: [Apache Tomcat/9.0.21]
2019-11-18 01:30:29.679  INFO 18308 --- [restartedMain] o.a.c.c.C.[Tomcat].[localhost].[/]       : Initializing Spring embedded WebApplicationContext
2019-11-18 01:30:29.679  INFO 18308 --- [restartedMain] o.s.web.context.ContextLoader            : Root WebApplicationContext: initialization completed in 530 ms
2019-11-18 01:30:29.916  INFO 18308 --- [restartedMain] o.s.s.concurrent.ThreadPoolTaskExecutor  : Initializing ExecutorService 'applicationTaskExecutor'
2019-11-18 01:30:30.038  INFO 18308 --- [restartedMain] o.s.b.d.a.OptionalLiveReloadServer       : LiveReload server is running on port 35729
2019-11-18 01:30:30.067  INFO 18308 --- [restartedMain] o.s.b.w.embedded.tomcat.TomcatWebServer  : Tomcat started on port(s): 8001 (http) with context path ''
2019-11-18 01:30:30.118  INFO 18308 --- [restartedMain] com.oyms.OymsApplication                 : Started OymsApplication in 1.015 seconds (JVM running for 330.732)
2019-11-18 01:30:30.122  INFO 18308 --- [restartedMain] .ConditionEvaluationDeltaLoggingListener : Condition evaluation unchanged
2019-11-18 01:30:37.374  INFO 18308 --- [RMI TCP Connection(28)-127.0.0.1] inMXBeanRegistrar$SpringApplicationAdmin : Application shutdown requested.
2019-11-18 01:30:37.381  INFO 18308 --- [RMI TCP Connection(28)-127.0.0.1] o.s.s.concurrent.ThreadPoolTaskExecutor  : Shutting down ExecutorService 'applicationTaskExecutor'
2019-11-18 01:30:41.135  INFO 6260 --- [restartedMain] com.oyms.OymsApplication                 : Starting OymsApplication on DESKTOP-CVJINEV with PID 6260 (E:\sts\oymsback1-master\target\classes started by ou in E:\sts\oymsback1-master)
2019-11-18 01:30:41.138  INFO 6260 --- [restartedMain] com.oyms.OymsApplication                 : No active profile set, falling back to default profiles: default
2019-11-18 01:30:41.202  INFO 6260 --- [restartedMain] .e.DevToolsPropertyDefaultsPostProcessor : Devtools property defaults active! Set 'spring.devtools.add-properties' to 'false' to disable
2019-11-18 01:30:41.202  INFO 6260 --- [restartedMain] .e.DevToolsPropertyDefaultsPostProcessor : For additional web related logging consider setting the 'logging.level.web' property to 'DEBUG'
2019-11-18 01:30:42.815  INFO 6260 --- [restartedMain] o.s.b.w.embedded.tomcat.TomcatWebServer  : Tomcat initialized with port(s): 8001 (http)
2019-11-18 01:30:42.842  INFO 6260 --- [restartedMain] o.apache.catalina.core.StandardService   : Starting service [Tomcat]
2019-11-18 01:30:42.843  INFO 6260 --- [restartedMain] org.apache.catalina.core.StandardEngine  : Starting Servlet engine: [Apache Tomcat/9.0.21]
2019-11-18 01:30:42.989  INFO 6260 --- [restartedMain] o.a.c.c.C.[Tomcat].[localhost].[/]       : Initializing Spring embedded WebApplicationContext
2019-11-18 01:30:42.990  INFO 6260 --- [restartedMain] o.s.web.context.ContextLoader            : Root WebApplicationContext: initialization completed in 1787 ms
2019-11-18 01:30:43.711  INFO 6260 --- [restartedMain] o.s.s.concurrent.ThreadPoolTaskExecutor  : Initializing ExecutorService 'applicationTaskExecutor'
2019-11-18 01:30:44.191  INFO 6260 --- [restartedMain] o.s.b.d.a.OptionalLiveReloadServer       : LiveReload server is running on port 35729
2019-11-18 01:30:44.248  INFO 6260 --- [restartedMain] o.s.b.w.embedded.tomcat.TomcatWebServer  : Tomcat started on port(s): 8001 (http) with context path ''
2019-11-18 01:30:44.253  INFO 6260 --- [restartedMain] com.oyms.OymsApplication                 : Started OymsApplication in 3.54 seconds (JVM running for 4.761)
2019-11-18 01:39:59.552  INFO 6260 --- [http-nio-8001-exec-1] o.a.c.c.C.[Tomcat].[localhost].[/]       : Initializing Spring DispatcherServlet 'dispatcherServlet'
2019-11-18 01:39:59.576  INFO 6260 --- [http-nio-8001-exec-1] o.s.web.servlet.DispatcherServlet        : Initializing Servlet 'dispatcherServlet'
2019-11-18 01:39:59.842  INFO 6260 --- [http-nio-8001-exec-1] o.s.web.servlet.DispatcherServlet        : Completed initialization in 265 ms
2019-11-18 01:40:00.490  INFO 6260 --- [http-nio-8001-exec-1] com.zaxxer.hikari.HikariDataSource       : HikariPool-1 - Starting...
2019-11-18 01:40:01.775  INFO 6260 --- [http-nio-8001-exec-1] com.zaxxer.hikari.HikariDataSource       : HikariPool-1 - Start completed.
2019-11-18 01:58:10.735  INFO 6260 --- [Thread-8] o.s.s.concurrent.ThreadPoolTaskExecutor  : Shutting down ExecutorService 'applicationTaskExecutor'
2019-11-18 01:58:10.785  INFO 6260 --- [Thread-8] com.zaxxer.hikari.HikariDataSource       : HikariPool-1 - Shutdown initiated...
2019-11-18 01:58:10.995  INFO 6260 --- [Thread-8] com.zaxxer.hikari.HikariDataSource       : HikariPool-1 - Shutdown completed.
2019-11-18 01:58:12.821  INFO 6260 --- [restartedMain] com.oyms.OymsApplication                 : Starting OymsApplication on DESKTOP-CVJINEV with PID 6260 (E:\sts\oymsback1-master\target\classes started by ou in E:\sts\oymsback1-master)
2019-11-18 01:58:12.822  INFO 6260 --- [restartedMain] com.oyms.OymsApplication                 : No active profile set, falling back to default profiles: default
2019-11-18 01:58:14.273  INFO 6260 --- [restartedMain] o.s.b.w.embedded.tomcat.TomcatWebServer  : Tomcat initialized with port(s): 8001 (http)
2019-11-18 01:58:14.274  INFO 6260 --- [restartedMain] o.apache.catalina.core.StandardService   : Starting service [Tomcat]
2019-11-18 01:58:14.275  INFO 6260 --- [restartedMain] org.apache.catalina.core.StandardEngine  : Starting Servlet engine: [Apache Tomcat/9.0.21]
2019-11-18 01:58:14.306  INFO 6260 --- [restartedMain] o.a.c.c.C.[Tomcat].[localhost].[/]       : Initializing Spring embedded WebApplicationContext
2019-11-18 01:58:14.306  INFO 6260 --- [restartedMain] o.s.web.context.ContextLoader            : Root WebApplicationContext: initialization completed in 1472 ms
2019-11-18 01:58:15.164  INFO 6260 --- [restartedMain] o.s.s.concurrent.ThreadPoolTaskExecutor  : Initializing ExecutorService 'applicationTaskExecutor'
2019-11-18 01:58:15.365  INFO 6260 --- [restartedMain] o.s.b.d.a.OptionalLiveReloadServer       : LiveReload server is running on port 35729
2019-11-18 01:58:15.403  INFO 6260 --- [restartedMain] o.s.b.w.embedded.tomcat.TomcatWebServer  : Tomcat started on port(s): 8001 (http) with context path ''
2019-11-18 01:58:15.404  INFO 6260 --- [restartedMain] com.oyms.OymsApplication                 : Started OymsApplication in 2.749 seconds (JVM running for 1655.912)
2019-11-18 01:58:15.409  INFO 6260 --- [restartedMain] .ConditionEvaluationDeltaLoggingListener : Condition evaluation unchanged
2019-11-18 01:58:28.760  INFO 6260 --- [http-nio-8001-exec-1] o.a.c.c.C.[Tomcat].[localhost].[/]       : Initializing Spring DispatcherServlet 'dispatcherServlet'
2019-11-18 01:58:28.762  INFO 6260 --- [http-nio-8001-exec-1] o.s.web.servlet.DispatcherServlet        : Initializing Servlet 'dispatcherServlet'
2019-11-18 01:58:28.780  INFO 6260 --- [http-nio-8001-exec-1] o.s.web.servlet.DispatcherServlet        : Completed initialization in 18 ms
2019-11-18 01:58:28.783  INFO 6260 --- [http-nio-8001-exec-1] com.zaxxer.hikari.HikariDataSource       : HikariPool-2 - Starting...
2019-11-18 01:58:28.815  INFO 6260 --- [http-nio-8001-exec-1] com.zaxxer.hikari.HikariDataSource       : HikariPool-2 - Start completed.
2019-11-18 02:05:49.200  INFO 6260 --- [Thread-16] o.s.s.concurrent.ThreadPoolTaskExecutor  : Shutting down ExecutorService 'applicationTaskExecutor'
2019-11-18 02:05:49.216  INFO 6260 --- [Thread-16] com.zaxxer.hikari.HikariDataSource       : HikariPool-2 - Shutdown initiated...
2019-11-18 02:05:49.252  INFO 6260 --- [Thread-16] com.zaxxer.hikari.HikariDataSource       : HikariPool-2 - Shutdown completed.
2019-11-18 02:05:50.367  INFO 6260 --- [restartedMain] com.oyms.OymsApplication                 : Starting OymsApplication on DESKTOP-CVJINEV with PID 6260 (E:\sts\oymsback1-master\target\classes started by ou in E:\sts\oymsback1-master)
2019-11-18 02:05:50.367  INFO 6260 --- [restartedMain] com.oyms.OymsApplication                 : No active profile set, falling back to default profiles: default
2019-11-18 02:05:51.445  INFO 6260 --- [restartedMain] o.s.b.w.embedded.tomcat.TomcatWebServer  : Tomcat initialized with port(s): 8001 (http)
2019-11-18 02:05:51.447  INFO 6260 --- [restartedMain] o.apache.catalina.core.StandardService   : Starting service [Tomcat]
2019-11-18 02:05:51.448  INFO 6260 --- [restartedMain] org.apache.catalina.core.StandardEngine  : Starting Servlet engine: [Apache Tomcat/9.0.21]
2019-11-18 02:05:51.500  INFO 6260 --- [restartedMain] o.a.c.c.C.[Tomcat].[localhost].[/]       : Initializing Spring embedded WebApplicationContext
2019-11-18 02:05:51.501  INFO 6260 --- [restartedMain] o.s.web.context.ContextLoader            : Root WebApplicationContext: initialization completed in 1131 ms
2019-11-18 02:05:52.107  INFO 6260 --- [restartedMain] o.s.s.concurrent.ThreadPoolTaskExecutor  : Initializing ExecutorService 'applicationTaskExecutor'
2019-11-18 02:05:52.335  INFO 6260 --- [restartedMain] o.s.b.d.a.OptionalLiveReloadServer       : LiveReload server is running on port 35729
2019-11-18 02:05:52.387  INFO 6260 --- [restartedMain] o.s.b.w.embedded.tomcat.TomcatWebServer  : Tomcat started on port(s): 8001 (http) with context path ''
2019-11-18 02:05:52.398  INFO 6260 --- [restartedMain] com.oyms.OymsApplication                 : Started OymsApplication in 2.088 seconds (JVM running for 2112.906)
2019-11-18 02:05:52.405  INFO 6260 --- [restartedMain] .ConditionEvaluationDeltaLoggingListener : Condition evaluation unchanged
2019-11-18 02:05:59.028  INFO 6260 --- [Thread-24] o.s.s.concurrent.ThreadPoolTaskExecutor  : Shutting down ExecutorService 'applicationTaskExecutor'
2019-11-18 02:05:59.525  INFO 6260 --- [restartedMain] com.oyms.OymsApplication                 : Starting OymsApplication on DESKTOP-CVJINEV with PID 6260 (E:\sts\oymsback1-master\target\classes started by ou in E:\sts\oymsback1-master)
2019-11-18 02:05:59.526  INFO 6260 --- [restartedMain] com.oyms.OymsApplication                 : No active profile set, falling back to default profiles: default
2019-11-18 02:06:00.308  INFO 6260 --- [restartedMain] o.s.b.w.embedded.tomcat.TomcatWebServer  : Tomcat initialized with port(s): 8001 (http)
2019-11-18 02:06:00.310  INFO 6260 --- [restartedMain] o.apache.catalina.core.StandardService   : Starting service [Tomcat]
2019-11-18 02:06:00.310  INFO 6260 --- [restartedMain] org.apache.catalina.core.StandardEngine  : Starting Servlet engine: [Apache Tomcat/9.0.21]
2019-11-18 02:06:00.338  INFO 6260 --- [restartedMain] o.a.c.c.C.[Tomcat].[localhost].[/]       : Initializing Spring embedded WebApplicationContext
2019-11-18 02:06:00.338  INFO 6260 --- [restartedMain] o.s.web.context.ContextLoader            : Root WebApplicationContext: initialization completed in 806 ms
2019-11-18 02:06:00.685  INFO 6260 --- [restartedMain] o.s.s.concurrent.ThreadPoolTaskExecutor  : Initializing ExecutorService 'applicationTaskExecutor'
2019-11-18 02:06:00.823  INFO 6260 --- [restartedMain] o.s.b.d.a.OptionalLiveReloadServer       : LiveReload server is running on port 35729
2019-11-18 02:06:00.850  INFO 6260 --- [restartedMain] o.s.b.w.embedded.tomcat.TomcatWebServer  : Tomcat started on port(s): 8001 (http) with context path ''
2019-11-18 02:06:00.854  INFO 6260 --- [restartedMain] com.oyms.OymsApplication                 : Started OymsApplication in 1.369 seconds (JVM running for 2121.362)
2019-11-18 02:06:00.865  INFO 6260 --- [restartedMain] .ConditionEvaluationDeltaLoggingListener : Condition evaluation unchanged
2019-11-18 02:07:24.045  INFO 6260 --- [Thread-32] o.s.s.concurrent.ThreadPoolTaskExecutor  : Shutting down ExecutorService 'applicationTaskExecutor'
2019-11-18 02:07:24.470  INFO 6260 --- [restartedMain] com.oyms.OymsApplication                 : Starting OymsApplication on DESKTOP-CVJINEV with PID 6260 (E:\sts\oymsback1-master\target\classes started by ou in E:\sts\oymsback1-master)
2019-11-18 02:07:24.470  INFO 6260 --- [restartedMain] com.oyms.OymsApplication                 : No active profile set, falling back to default profiles: default
2019-11-18 02:07:24.942  INFO 6260 --- [restartedMain] o.s.b.w.embedded.tomcat.TomcatWebServer  : Tomcat initialized with port(s): 8001 (http)
2019-11-18 02:07:24.943  INFO 6260 --- [restartedMain] o.apache.catalina.core.StandardService   : Starting service [Tomcat]
2019-11-18 02:07:24.943  INFO 6260 --- [restartedMain] org.apache.catalina.core.StandardEngine  : Starting Servlet engine: [Apache Tomcat/9.0.21]
2019-11-18 02:07:24.964  INFO 6260 --- [restartedMain] o.a.c.c.C.[Tomcat].[localhost].[/]       : Initializing Spring embedded WebApplicationContext
2019-11-18 02:07:24.964  INFO 6260 --- [restartedMain] o.s.web.context.ContextLoader            : Root WebApplicationContext: initialization completed in 487 ms
2019-11-18 02:07:25.201  INFO 6260 --- [restartedMain] o.s.s.concurrent.ThreadPoolTaskExecutor  : Initializing ExecutorService 'applicationTaskExecutor'
2019-11-18 02:07:25.342  INFO 6260 --- [restartedMain] o.s.b.d.a.OptionalLiveReloadServer       : LiveReload server is running on port 35729
2019-11-18 02:07:25.370  INFO 6260 --- [restartedMain] o.s.b.w.embedded.tomcat.TomcatWebServer  : Tomcat started on port(s): 8001 (http) with context path ''
2019-11-18 02:07:25.371  INFO 6260 --- [restartedMain] com.oyms.OymsApplication                 : Started OymsApplication in 0.935 seconds (JVM running for 2205.878)
2019-11-18 02:07:25.375  INFO 6260 --- [restartedMain] .ConditionEvaluationDeltaLoggingListener : Condition evaluation unchanged
2019-11-18 02:08:29.010  INFO 6260 --- [Thread-40] o.s.s.concurrent.ThreadPoolTaskExecutor  : Shutting down ExecutorService 'applicationTaskExecutor'
2019-11-18 02:08:29.402  INFO 6260 --- [restartedMain] com.oyms.OymsApplication                 : Starting OymsApplication on DESKTOP-CVJINEV with PID 6260 (E:\sts\oymsback1-master\target\classes started by ou in E:\sts\oymsback1-master)
2019-11-18 02:08:29.403  INFO 6260 --- [restartedMain] com.oyms.OymsApplication                 : No active profile set, falling back to default profiles: default
2019-11-18 02:08:29.915  INFO 6260 --- [restartedMain] o.s.b.w.embedded.tomcat.TomcatWebServer  : Tomcat initialized with port(s): 8001 (http)
2019-11-18 02:08:29.917  INFO 6260 --- [restartedMain] o.apache.catalina.core.StandardService   : Starting service [Tomcat]
2019-11-18 02:08:29.917  INFO 6260 --- [restartedMain] org.apache.catalina.core.StandardEngine  : Starting Servlet engine: [Apache Tomcat/9.0.21]
2019-11-18 02:08:29.938  INFO 6260 --- [restartedMain] o.a.c.c.C.[Tomcat].[localhost].[/]       : Initializing Spring embedded WebApplicationContext
2019-11-18 02:08:29.938  INFO 6260 --- [restartedMain] o.s.web.context.ContextLoader            : Root WebApplicationContext: initialization completed in 533 ms
2019-11-18 02:08:30.219  INFO 6260 --- [restartedMain] o.s.s.concurrent.ThreadPoolTaskExecutor  : Initializing ExecutorService 'applicationTaskExecutor'
2019-11-18 02:08:30.381  INFO 6260 --- [restartedMain] o.s.b.d.a.OptionalLiveReloadServer       : LiveReload server is running on port 35729
2019-11-18 02:08:30.404  INFO 6260 --- [restartedMain] o.s.b.w.embedded.tomcat.TomcatWebServer  : Tomcat started on port(s): 8001 (http) with context path ''
2019-11-18 02:08:30.408  INFO 6260 --- [restartedMain] com.oyms.OymsApplication                 : Started OymsApplication in 1.042 seconds (JVM running for 2270.916)
2019-11-18 02:08:30.410  INFO 6260 --- [restartedMain] .ConditionEvaluationDeltaLoggingListener : Condition evaluation unchanged
2019-11-18 02:08:41.148  INFO 6260 --- [Thread-48] o.s.s.concurrent.ThreadPoolTaskExecutor  : Shutting down ExecutorService 'applicationTaskExecutor'
2019-11-18 09:25:12.182  INFO 5156 --- [restartedMain] com.oyms.OymsApplication                 : Starting OymsApplication on DESKTOP-BVOMM6I with PID 5156 (E:\work\sts\oymsbackend-master\target\classes started by User27 in E:\work\sts\oymsbackend-master)
2019-11-18 09:25:12.188  INFO 5156 --- [restartedMain] com.oyms.OymsApplication                 : No active profile set, falling back to default profiles: default
2019-11-18 09:25:12.285  INFO 5156 --- [restartedMain] .e.DevToolsPropertyDefaultsPostProcessor : Devtools property defaults active! Set 'spring.devtools.add-properties' to 'false' to disable
2019-11-18 09:25:12.286  INFO 5156 --- [restartedMain] .e.DevToolsPropertyDefaultsPostProcessor : For additional web related logging consider setting the 'logging.level.web' property to 'DEBUG'
2019-11-18 09:25:14.662  INFO 5156 --- [restartedMain] o.s.b.w.embedded.tomcat.TomcatWebServer  : Tomcat initialized with port(s): 8001 (http)
2019-11-18 09:25:14.704  INFO 5156 --- [restartedMain] o.apache.catalina.core.StandardService   : Starting service [Tomcat]
2019-11-18 09:25:14.704  INFO 5156 --- [restartedMain] org.apache.catalina.core.StandardEngine  : Starting Servlet engine: [Apache Tomcat/9.0.21]
2019-11-18 09:25:14.862  INFO 5156 --- [restartedMain] o.a.c.c.C.[Tomcat].[localhost].[/]       : Initializing Spring embedded WebApplicationContext
2019-11-18 09:25:14.863  INFO 5156 --- [restartedMain] o.s.web.context.ContextLoader            : Root WebApplicationContext: initialization completed in 2577 ms
2019-11-18 09:25:15.985  INFO 5156 --- [restartedMain] o.s.s.concurrent.ThreadPoolTaskExecutor  : Initializing ExecutorService 'applicationTaskExecutor'
2019-11-18 09:25:16.631  INFO 5156 --- [restartedMain] o.s.b.d.a.OptionalLiveReloadServer       : LiveReload server is running on port 35729
2019-11-18 09:25:16.728  INFO 5156 --- [restartedMain] o.s.b.w.embedded.tomcat.TomcatWebServer  : Tomcat started on port(s): 8001 (http) with context path ''
2019-11-18 09:25:16.734  INFO 5156 --- [restartedMain] com.oyms.OymsApplication                 : Started OymsApplication in 5.174 seconds (JVM running for 6.687)
2019-11-18 09:36:10.239  INFO 5156 --- [http-nio-8001-exec-1] o.a.c.c.C.[Tomcat].[localhost].[/]       : Initializing Spring DispatcherServlet 'dispatcherServlet'
2019-11-18 09:36:10.240  INFO 5156 --- [http-nio-8001-exec-1] o.s.web.servlet.DispatcherServlet        : Initializing Servlet 'dispatcherServlet'
2019-11-18 09:36:10.264  INFO 5156 --- [http-nio-8001-exec-1] o.s.web.servlet.DispatcherServlet        : Completed initialization in 24 ms
2019-11-18 09:36:10.789  INFO 5156 --- [http-nio-8001-exec-1] com.zaxxer.hikari.HikariDataSource       : HikariPool-1 - Starting...
2019-11-18 09:36:11.335  INFO 5156 --- [http-nio-8001-exec-1] com.zaxxer.hikari.HikariDataSource       : HikariPool-1 - Start completed.
2019-11-18 09:36:12.229 ERROR 5156 --- [http-nio-8001-exec-1] o.a.c.c.C.[.[.[/].[dispatcherServlet]    : Servlet.service() for servlet [dispatcherServlet] in context with path [] threw exception [Request processing failed; nested exception is org.springframework.http.converter.HttpMessageConversionException: Type definition error: [simple type, class com.oyms.dto.GoodTypeDTO]; nested exception is com.fasterxml.jackson.databind.exc.InvalidDefinitionException: No serializer found for class com.oyms.dto.GoodTypeDTO and no properties discovered to create BeanSerializer (to avoid exception, disable SerializationFeature.FAIL_ON_EMPTY_BEANS) (through reference chain: com.oyms.dto.ApiDTO["data"]->java.util.ArrayList[0])] with root cause

com.fasterxml.jackson.databind.exc.InvalidDefinitionException: No serializer found for class com.oyms.dto.GoodTypeDTO and no properties discovered to create BeanSerializer (to avoid exception, disable SerializationFeature.FAIL_ON_EMPTY_BEANS) (through reference chain: com.oyms.dto.ApiDTO["data"]->java.util.ArrayList[0])
	at com.fasterxml.jackson.databind.exc.InvalidDefinitionException.from(InvalidDefinitionException.java:77) ~[jackson-databind-2.9.9.jar:2.9.9]
	at com.fasterxml.jackson.databind.SerializerProvider.reportBadDefinition(SerializerProvider.java:1191) ~[jackson-databind-2.9.9.jar:2.9.9]
	at com.fasterxml.jackson.databind.DatabindContext.reportBadDefinition(DatabindContext.java:313) ~[jackson-databind-2.9.9.jar:2.9.9]
	at com.fasterxml.jackson.databind.ser.impl.UnknownSerializer.failForEmpty(UnknownSerializer.java:71) ~[jackson-databind-2.9.9.jar:2.9.9]
	at com.fasterxml.jackson.databind.ser.impl.UnknownSerializer.serialize(UnknownSerializer.java:33) ~[jackson-databind-2.9.9.jar:2.9.9]
	at com.fasterxml.jackson.databind.ser.impl.IndexedListSerializer.serializeContents(IndexedListSerializer.java:119) ~[jackson-databind-2.9.9.jar:2.9.9]
	at com.fasterxml.jackson.databind.ser.impl.IndexedListSerializer.serialize(IndexedListSerializer.java:79) ~[jackson-databind-2.9.9.jar:2.9.9]
	at com.fasterxml.jackson.databind.ser.impl.IndexedListSerializer.serialize(IndexedListSerializer.java:18) ~[jackson-databind-2.9.9.jar:2.9.9]
	at com.fasterxml.jackson.databind.ser.BeanPropertyWriter.serializeAsField(BeanPropertyWriter.java:727) ~[jackson-databind-2.9.9.jar:2.9.9]
	at com.fasterxml.jackson.databind.ser.std.BeanSerializerBase.serializeFields(BeanSerializerBase.java:719) ~[jackson-databind-2.9.9.jar:2.9.9]
	at com.fasterxml.jackson.databind.ser.BeanSerializer.serialize(BeanSerializer.java:155) ~[jackson-databind-2.9.9.jar:2.9.9]
	at com.fasterxml.jackson.databind.ser.DefaultSerializerProvider._serialize(DefaultSerializerProvider.java:480) ~[jackson-databind-2.9.9.jar:2.9.9]
	at com.fasterxml.jackson.databind.ser.DefaultSerializerProvider.serializeValue(DefaultSerializerProvider.java:319) ~[jackson-databind-2.9.9.jar:2.9.9]
	at com.fasterxml.jackson.databind.ObjectWriter$Prefetch.serialize(ObjectWriter.java:1396) ~[jackson-databind-2.9.9.jar:2.9.9]
	at com.fasterxml.jackson.databind.ObjectWriter.writeValue(ObjectWriter.java:913) ~[jackson-databind-2.9.9.jar:2.9.9]
	at org.springframework.http.converter.json.AbstractJackson2HttpMessageConverter.writeInternal(AbstractJackson2HttpMessageConverter.java:287) ~[spring-web-5.1.8.RELEASE.jar:5.1.8.RELEASE]
	at org.springframework.http.converter.AbstractGenericHttpMessageConverter.write(AbstractGenericHttpMessageConverter.java:103) ~[spring-web-5.1.8.RELEASE.jar:5.1.8.RELEASE]
	at org.springframework.web.servlet.mvc.method.annotation.AbstractMessageConverterMethodProcessor.writeWithMessageConverters(AbstractMessageConverterMethodProcessor.java:290) ~[spring-webmvc-5.1.8.RELEASE.jar:5.1.8.RELEASE]
	at org.springframework.web.servlet.mvc.method.annotation.RequestResponseBodyMethodProcessor.handleReturnValue(RequestResponseBodyMethodProcessor.java:180) ~[spring-webmvc-5.1.8.RELEASE.jar:5.1.8.RELEASE]
	at org.springframework.web.method.support.HandlerMethodReturnValueHandlerComposite.handleReturnValue(HandlerMethodReturnValueHandlerComposite.java:82) ~[spring-web-5.1.8.RELEASE.jar:5.1.8.RELEASE]
	at org.springframework.web.servlet.mvc.method.annotation.ServletInvocableHandlerMethod.invokeAndHandle(ServletInvocableHandlerMethod.java:122) ~[spring-webmvc-5.1.8.RELEASE.jar:5.1.8.RELEASE]
	at org.springframework.web.servlet.mvc.method.annotation.RequestMappingHandlerAdapter.invokeHandlerMethod(RequestMappingHandlerAdapter.java:892) ~[spring-webmvc-5.1.8.RELEASE.jar:5.1.8.RELEASE]
	at org.springframework.web.servlet.mvc.method.annotation.RequestMappingHandlerAdapter.handleInternal(RequestMappingHandlerAdapter.java:797) ~[spring-webmvc-5.1.8.RELEASE.jar:5.1.8.RELEASE]
	at org.springframework.web.servlet.mvc.method.AbstractHandlerMethodAdapter.handle(AbstractHandlerMethodAdapter.java:87) ~[spring-webmvc-5.1.8.RELEASE.jar:5.1.8.RELEASE]
	at org.springframework.web.servlet.DispatcherServlet.doDispatch(DispatcherServlet.java:1039) ~[spring-webmvc-5.1.8.RELEASE.jar:5.1.8.RELEASE]
	at org.springframework.web.servlet.DispatcherServlet.doService(DispatcherServlet.java:942) ~[spring-webmvc-5.1.8.RELEASE.jar:5.1.8.RELEASE]
	at org.springframework.web.servlet.FrameworkServlet.processRequest(FrameworkServlet.java:1005) ~[spring-webmvc-5.1.8.RELEASE.jar:5.1.8.RELEASE]
	at org.springframework.web.servlet.FrameworkServlet.doGet(FrameworkServlet.java:897) ~[spring-webmvc-5.1.8.RELEASE.jar:5.1.8.RELEASE]
	at javax.servlet.http.HttpServlet.service(HttpServlet.java:634) ~[tomcat-embed-core-9.0.21.jar:9.0.21]
	at org.springframework.web.servlet.FrameworkServlet.service(FrameworkServlet.java:882) ~[spring-webmvc-5.1.8.RELEASE.jar:5.1.8.RELEASE]
	at javax.servlet.http.HttpServlet.service(HttpServlet.java:741) ~[tomcat-embed-core-9.0.21.jar:9.0.21]
	at org.apache.catalina.core.ApplicationFilterChain.internalDoFilter(ApplicationFilterChain.java:231) ~[tomcat-embed-core-9.0.21.jar:9.0.21]
	at org.apache.catalina.core.ApplicationFilterChain.doFilter(ApplicationFilterChain.java:166) ~[tomcat-embed-core-9.0.21.jar:9.0.21]
	at org.apache.tomcat.websocket.server.WsFilter.doFilter(WsFilter.java:53) ~[tomcat-embed-websocket-9.0.21.jar:9.0.21]
	at org.apache.catalina.core.ApplicationFilterChain.internalDoFilter(ApplicationFilterChain.java:193) ~[tomcat-embed-core-9.0.21.jar:9.0.21]
	at org.apache.catalina.core.ApplicationFilterChain.doFilter(ApplicationFilterChain.java:166) ~[tomcat-embed-core-9.0.21.jar:9.0.21]
	at org.springframework.web.filter.CorsFilter.doFilterInternal(CorsFilter.java:96) ~[spring-web-5.1.8.RELEASE.jar:5.1.8.RELEASE]
	at org.springframework.web.filter.OncePerRequestFilter.doFilter(OncePerRequestFilter.java:109) ~[spring-web-5.1.8.RELEASE.jar:5.1.8.RELEASE]
	at org.apache.catalina.core.ApplicationFilterChain.internalDoFilter(ApplicationFilterChain.java:193) ~[tomcat-embed-core-9.0.21.jar:9.0.21]
	at org.apache.catalina.core.ApplicationFilterChain.doFilter(ApplicationFilterChain.java:166) ~[tomcat-embed-core-9.0.21.jar:9.0.21]
	at org.springframework.web.filter.RequestContextFilter.doFilterInternal(RequestContextFilter.java:99) ~[spring-web-5.1.8.RELEASE.jar:5.1.8.RELEASE]
	at org.springframework.web.filter.OncePerRequestFilter.doFilter(OncePerRequestFilter.java:109) ~[spring-web-5.1.8.RELEASE.jar:5.1.8.RELEASE]
	at org.apache.catalina.core.ApplicationFilterChain.internalDoFilter(ApplicationFilterChain.java:193) ~[tomcat-embed-core-9.0.21.jar:9.0.21]
	at org.apache.catalina.core.ApplicationFilterChain.doFilter(ApplicationFilterChain.java:166) ~[tomcat-embed-core-9.0.21.jar:9.0.21]
	at org.springframework.web.filter.FormContentFilter.doFilterInternal(FormContentFilter.java:92) ~[spring-web-5.1.8.RELEASE.jar:5.1.8.RELEASE]
	at org.springframework.web.filter.OncePerRequestFilter.doFilter(OncePerRequestFilter.java:109) ~[spring-web-5.1.8.RELEASE.jar:5.1.8.RELEASE]
	at org.apache.catalina.core.ApplicationFilterChain.internalDoFilter(ApplicationFilterChain.java:193) ~[tomcat-embed-core-9.0.21.jar:9.0.21]
	at org.apache.catalina.core.ApplicationFilterChain.doFilter(ApplicationFilterChain.java:166) ~[tomcat-embed-core-9.0.21.jar:9.0.21]
	at org.springframework.web.filter.HiddenHttpMethodFilter.doFilterInternal(HiddenHttpMethodFilter.java:93) ~[spring-web-5.1.8.RELEASE.jar:5.1.8.RELEASE]
	at org.springframework.web.filter.OncePerRequestFilter.doFilter(OncePerRequestFilter.java:109) ~[spring-web-5.1.8.RELEASE.jar:5.1.8.RELEASE]
	at org.apache.catalina.core.ApplicationFilterChain.internalDoFilter(ApplicationFilterChain.java:193) ~[tomcat-embed-core-9.0.21.jar:9.0.21]
	at org.apache.catalina.core.ApplicationFilterChain.doFilter(ApplicationFilterChain.java:166) ~[tomcat-embed-core-9.0.21.jar:9.0.21]
	at org.springframework.web.filter.CharacterEncodingFilter.doFilterInternal(CharacterEncodingFilter.java:200) ~[spring-web-5.1.8.RELEASE.jar:5.1.8.RELEASE]
	at org.springframework.web.filter.OncePerRequestFilter.doFilter(OncePerRequestFilter.java:109) ~[spring-web-5.1.8.RELEASE.jar:5.1.8.RELEASE]
	at org.apache.catalina.core.ApplicationFilterChain.internalDoFilter(ApplicationFilterChain.java:193) ~[tomcat-embed-core-9.0.21.jar:9.0.21]
	at org.apache.catalina.core.ApplicationFilterChain.doFilter(ApplicationFilterChain.java:166) ~[tomcat-embed-core-9.0.21.jar:9.0.21]
	at org.apache.catalina.core.StandardWrapperValve.invoke(StandardWrapperValve.java:202) ~[tomcat-embed-core-9.0.21.jar:9.0.21]
	at org.apache.catalina.core.StandardContextValve.invoke(StandardContextValve.java:96) [tomcat-embed-core-9.0.21.jar:9.0.21]
	at org.apache.catalina.authenticator.AuthenticatorBase.invoke(AuthenticatorBase.java:490) [tomcat-embed-core-9.0.21.jar:9.0.21]
	at org.apache.catalina.core.StandardHostValve.invoke(StandardHostValve.java:139) [tomcat-embed-core-9.0.21.jar:9.0.21]
	at org.apache.catalina.valves.ErrorReportValve.invoke(ErrorReportValve.java:92) [tomcat-embed-core-9.0.21.jar:9.0.21]
	at org.apache.catalina.core.StandardEngineValve.invoke(StandardEngineValve.java:74) [tomcat-embed-core-9.0.21.jar:9.0.21]
	at org.apache.catalina.connector.CoyoteAdapter.service(CoyoteAdapter.java:343) [tomcat-embed-core-9.0.21.jar:9.0.21]
	at org.apache.coyote.http11.Http11Processor.service(Http11Processor.java:408) [tomcat-embed-core-9.0.21.jar:9.0.21]
	at org.apache.coyote.AbstractProcessorLight.process(AbstractProcessorLight.java:66) [tomcat-embed-core-9.0.21.jar:9.0.21]
	at org.apache.coyote.AbstractProtocol$ConnectionHandler.process(AbstractProtocol.java:853) [tomcat-embed-core-9.0.21.jar:9.0.21]
	at org.apache.tomcat.util.net.NioEndpoint$SocketProcessor.doRun(NioEndpoint.java:1587) [tomcat-embed-core-9.0.21.jar:9.0.21]
	at org.apache.tomcat.util.net.SocketProcessorBase.run(SocketProcessorBase.java:49) [tomcat-embed-core-9.0.21.jar:9.0.21]
	at java.util.concurrent.ThreadPoolExecutor.runWorker(Unknown Source) [na:1.8.0_202]
	at java.util.concurrent.ThreadPoolExecutor$Worker.run(Unknown Source) [na:1.8.0_202]
	at org.apache.tomcat.util.threads.TaskThread$WrappingRunnable.run(TaskThread.java:61) [tomcat-embed-core-9.0.21.jar:9.0.21]
	at java.lang.Thread.run(Unknown Source) [na:1.8.0_202]

2019-11-18 09:38:14.532  INFO 5156 --- [RMI TCP Connection(4)-127.0.0.1] inMXBeanRegistrar$SpringApplicationAdmin : Application shutdown requested.
2019-11-18 09:38:14.542  INFO 5156 --- [RMI TCP Connection(4)-127.0.0.1] o.s.s.concurrent.ThreadPoolTaskExecutor  : Shutting down ExecutorService 'applicationTaskExecutor'
2019-11-18 09:38:14.544  INFO 5156 --- [RMI TCP Connection(4)-127.0.0.1] com.zaxxer.hikari.HikariDataSource       : HikariPool-1 - Shutdown initiated...
2019-11-18 09:38:14.561  INFO 5156 --- [RMI TCP Connection(4)-127.0.0.1] com.zaxxer.hikari.HikariDataSource       : HikariPool-1 - Shutdown completed.
2019-11-18 09:38:21.180  INFO 5488 --- [restartedMain] com.oyms.OymsApplication                 : Starting OymsApplication on DESKTOP-BVOMM6I with PID 5488 (E:\work\sts\oymsbackend-master\target\classes started by User27 in E:\work\sts\oymsbackend-master)
2019-11-18 09:38:21.187  INFO 5488 --- [restartedMain] com.oyms.OymsApplication                 : No active profile set, falling back to default profiles: default
2019-11-18 09:38:21.265  INFO 5488 --- [restartedMain] .e.DevToolsPropertyDefaultsPostProcessor : Devtools property defaults active! Set 'spring.devtools.add-properties' to 'false' to disable
2019-11-18 09:38:21.266  INFO 5488 --- [restartedMain] .e.DevToolsPropertyDefaultsPostProcessor : For additional web related logging consider setting the 'logging.level.web' property to 'DEBUG'
2019-11-18 09:38:23.563  INFO 5488 --- [restartedMain] o.s.b.w.embedded.tomcat.TomcatWebServer  : Tomcat initialized with port(s): 8001 (http)
2019-11-18 09:38:23.607  INFO 5488 --- [restartedMain] o.apache.catalina.core.StandardService   : Starting service [Tomcat]
2019-11-18 09:38:23.608  INFO 5488 --- [restartedMain] org.apache.catalina.core.StandardEngine  : Starting Servlet engine: [Apache Tomcat/9.0.21]
2019-11-18 09:38:23.786  INFO 5488 --- [restartedMain] o.a.c.c.C.[Tomcat].[localhost].[/]       : Initializing Spring embedded WebApplicationContext
2019-11-18 09:38:23.787  INFO 5488 --- [restartedMain] o.s.web.context.ContextLoader            : Root WebApplicationContext: initialization completed in 2520 ms
2019-11-18 09:38:24.958  INFO 5488 --- [restartedMain] o.s.s.concurrent.ThreadPoolTaskExecutor  : Initializing ExecutorService 'applicationTaskExecutor'
2019-11-18 09:38:25.609  INFO 5488 --- [restartedMain] o.s.b.d.a.OptionalLiveReloadServer       : LiveReload server is running on port 35729
2019-11-18 09:38:25.704  INFO 5488 --- [restartedMain] o.s.b.w.embedded.tomcat.TomcatWebServer  : Tomcat started on port(s): 8001 (http) with context path ''
2019-11-18 09:38:25.712  INFO 5488 --- [restartedMain] com.oyms.OymsApplication                 : Started OymsApplication in 5.211 seconds (JVM running for 6.83)
2019-11-18 09:38:40.047  INFO 5488 --- [http-nio-8001-exec-1] o.a.c.c.C.[Tomcat].[localhost].[/]       : Initializing Spring DispatcherServlet 'dispatcherServlet'
2019-11-18 09:38:40.048  INFO 5488 --- [http-nio-8001-exec-1] o.s.web.servlet.DispatcherServlet        : Initializing Servlet 'dispatcherServlet'
2019-11-18 09:38:40.069  INFO 5488 --- [http-nio-8001-exec-1] o.s.web.servlet.DispatcherServlet        : Completed initialization in 20 ms
2019-11-18 09:38:40.135  INFO 5488 --- [http-nio-8001-exec-1] com.zaxxer.hikari.HikariDataSource       : HikariPool-1 - Starting...
2019-11-18 09:38:40.366  INFO 5488 --- [http-nio-8001-exec-1] com.zaxxer.hikari.HikariDataSource       : HikariPool-1 - Start completed.
2019-11-18 10:25:03.022  INFO 5488 --- [RMI TCP Connection(22)-127.0.0.1] inMXBeanRegistrar$SpringApplicationAdmin : Application shutdown requested.
2019-11-18 10:25:03.054  INFO 5488 --- [RMI TCP Connection(22)-127.0.0.1] o.s.s.concurrent.ThreadPoolTaskExecutor  : Shutting down ExecutorService 'applicationTaskExecutor'
2019-11-18 10:25:03.059  INFO 5488 --- [RMI TCP Connection(22)-127.0.0.1] com.zaxxer.hikari.HikariDataSource       : HikariPool-1 - Shutdown initiated...
2019-11-18 10:25:03.068  INFO 5488 --- [RMI TCP Connection(22)-127.0.0.1] com.zaxxer.hikari.HikariDataSource       : HikariPool-1 - Shutdown completed.
2019-11-18 10:25:08.905  INFO 10348 --- [restartedMain] com.oyms.OymsApplication                 : Starting OymsApplication on DESKTOP-BVOMM6I with PID 10348 (E:\work\sts\oymsbackend-master\target\classes started by User27 in E:\work\sts\oymsbackend-master)
2019-11-18 10:25:08.911  INFO 10348 --- [restartedMain] com.oyms.OymsApplication                 : No active profile set, falling back to default profiles: default
2019-11-18 10:25:09.002  INFO 10348 --- [restartedMain] .e.DevToolsPropertyDefaultsPostProcessor : Devtools property defaults active! Set 'spring.devtools.add-properties' to 'false' to disable
2019-11-18 10:25:09.003  INFO 10348 --- [restartedMain] .e.DevToolsPropertyDefaultsPostProcessor : For additional web related logging consider setting the 'logging.level.web' property to 'DEBUG'
2019-11-18 10:25:11.545  INFO 10348 --- [restartedMain] o.s.b.w.embedded.tomcat.TomcatWebServer  : Tomcat initialized with port(s): 8001 (http)
2019-11-18 10:25:11.590  INFO 10348 --- [restartedMain] o.apache.catalina.core.StandardService   : Starting service [Tomcat]
2019-11-18 10:25:11.591  INFO 10348 --- [restartedMain] org.apache.catalina.core.StandardEngine  : Starting Servlet engine: [Apache Tomcat/9.0.21]
2019-11-18 10:25:11.805  INFO 10348 --- [restartedMain] o.a.c.c.C.[Tomcat].[localhost].[/]       : Initializing Spring embedded WebApplicationContext
2019-11-18 10:25:11.806  INFO 10348 --- [restartedMain] o.s.web.context.ContextLoader            : Root WebApplicationContext: initialization completed in 2803 ms
2019-11-18 10:25:12.969  INFO 10348 --- [restartedMain] o.s.s.concurrent.ThreadPoolTaskExecutor  : Initializing ExecutorService 'applicationTaskExecutor'
2019-11-18 10:25:13.703  INFO 10348 --- [restartedMain] o.s.b.d.a.OptionalLiveReloadServer       : LiveReload server is running on port 35729
2019-11-18 10:25:13.809  INFO 10348 --- [restartedMain] o.s.b.w.embedded.tomcat.TomcatWebServer  : Tomcat started on port(s): 8001 (http) with context path ''
2019-11-18 10:25:13.816  INFO 10348 --- [restartedMain] com.oyms.OymsApplication                 : Started OymsApplication in 5.586 seconds (JVM running for 7.222)
2019-11-18 10:27:00.374  INFO 10348 --- [http-nio-8001-exec-1] o.a.c.c.C.[Tomcat].[localhost].[/]       : Initializing Spring DispatcherServlet 'dispatcherServlet'
2019-11-18 10:27:00.375  INFO 10348 --- [http-nio-8001-exec-1] o.s.web.servlet.DispatcherServlet        : Initializing Servlet 'dispatcherServlet'
2019-11-18 10:27:00.404  INFO 10348 --- [http-nio-8001-exec-1] o.s.web.servlet.DispatcherServlet        : Completed initialization in 28 ms
2019-11-18 10:27:00.517  INFO 10348 --- [http-nio-8001-exec-1] com.zaxxer.hikari.HikariDataSource       : HikariPool-1 - Starting...
2019-11-18 10:27:00.822  INFO 10348 --- [http-nio-8001-exec-1] com.zaxxer.hikari.HikariDataSource       : HikariPool-1 - Start completed.
2019-11-18 10:30:48.074  WARN 10348 --- [http-nio-8001-exec-1] .w.s.m.s.DefaultHandlerExceptionResolver : Resolved [org.springframework.web.method.annotation.MethodArgumentTypeMismatchException: Failed to convert value of type 'java.lang.String' to required type 'java.lang.Integer'; nested exception is java.lang.NumberFormatException: For input string: "undefined"]
2019-11-18 10:35:16.425  INFO 10348 --- [RMI TCP Connection(13)-127.0.0.1] inMXBeanRegistrar$SpringApplicationAdmin : Application shutdown requested.
2019-11-18 10:35:16.434  INFO 10348 --- [RMI TCP Connection(13)-127.0.0.1] o.s.s.concurrent.ThreadPoolTaskExecutor  : Shutting down ExecutorService 'applicationTaskExecutor'
2019-11-18 10:35:16.437  INFO 10348 --- [RMI TCP Connection(13)-127.0.0.1] com.zaxxer.hikari.HikariDataSource       : HikariPool-1 - Shutdown initiated...
2019-11-18 10:35:16.471  INFO 10348 --- [RMI TCP Connection(13)-127.0.0.1] com.zaxxer.hikari.HikariDataSource       : HikariPool-1 - Shutdown completed.
2019-11-18 10:35:22.734  INFO 6920 --- [restartedMain] com.oyms.OymsApplication                 : Starting OymsApplication on DESKTOP-BVOMM6I with PID 6920 (E:\work\sts\oymsbackend-master\target\classes started by User27 in E:\work\sts\oymsbackend-master)
2019-11-18 10:35:22.740  INFO 6920 --- [restartedMain] com.oyms.OymsApplication                 : No active profile set, falling back to default profiles: default
2019-11-18 10:35:22.832  INFO 6920 --- [restartedMain] .e.DevToolsPropertyDefaultsPostProcessor : Devtools property defaults active! Set 'spring.devtools.add-properties' to 'false' to disable
2019-11-18 10:35:22.833  INFO 6920 --- [restartedMain] .e.DevToolsPropertyDefaultsPostProcessor : For additional web related logging consider setting the 'logging.level.web' property to 'DEBUG'
2019-11-18 10:35:25.641  INFO 6920 --- [restartedMain] o.s.b.w.embedded.tomcat.TomcatWebServer  : Tomcat initialized with port(s): 8001 (http)
2019-11-18 10:35:25.710  INFO 6920 --- [restartedMain] o.apache.catalina.core.StandardService   : Starting service [Tomcat]
2019-11-18 10:35:25.711  INFO 6920 --- [restartedMain] org.apache.catalina.core.StandardEngine  : Starting Servlet engine: [Apache Tomcat/9.0.21]
2019-11-18 10:35:25.958  INFO 6920 --- [restartedMain] o.a.c.c.C.[Tomcat].[localhost].[/]       : Initializing Spring embedded WebApplicationContext
2019-11-18 10:35:25.959  INFO 6920 --- [restartedMain] o.s.web.context.ContextLoader            : Root WebApplicationContext: initialization completed in 3126 ms
2019-11-18 10:35:27.365  INFO 6920 --- [restartedMain] o.s.s.concurrent.ThreadPoolTaskExecutor  : Initializing ExecutorService 'applicationTaskExecutor'
2019-11-18 10:35:28.264  INFO 6920 --- [restartedMain] o.s.b.d.a.OptionalLiveReloadServer       : LiveReload server is running on port 35729
2019-11-18 10:35:28.425  INFO 6920 --- [restartedMain] o.s.b.w.embedded.tomcat.TomcatWebServer  : Tomcat started on port(s): 8001 (http) with context path ''
2019-11-18 10:35:28.433  INFO 6920 --- [restartedMain] com.oyms.OymsApplication                 : Started OymsApplication in 6.369 seconds (JVM running for 7.937)
2019-11-18 10:35:29.704  INFO 6920 --- [http-nio-8001-exec-1] o.a.c.c.C.[Tomcat].[localhost].[/]       : Initializing Spring DispatcherServlet 'dispatcherServlet'
2019-11-18 10:35:29.705  INFO 6920 --- [http-nio-8001-exec-1] o.s.web.servlet.DispatcherServlet        : Initializing Servlet 'dispatcherServlet'
2019-11-18 10:35:29.719  INFO 6920 --- [http-nio-8001-exec-1] o.s.web.servlet.DispatcherServlet        : Completed initialization in 14 ms
2019-11-18 10:35:29.829  INFO 6920 --- [http-nio-8001-exec-1] com.zaxxer.hikari.HikariDataSource       : HikariPool-1 - Starting...
2019-11-18 10:35:30.339  INFO 6920 --- [http-nio-8001-exec-1] com.zaxxer.hikari.HikariDataSource       : HikariPool-1 - Start completed.
2019-11-18 10:48:40.076  INFO 6920 --- [RMI TCP Connection(16)-127.0.0.1] inMXBeanRegistrar$SpringApplicationAdmin : Application shutdown requested.
2019-11-18 10:48:40.086  INFO 6920 --- [RMI TCP Connection(16)-127.0.0.1] o.s.s.concurrent.ThreadPoolTaskExecutor  : Shutting down ExecutorService 'applicationTaskExecutor'
2019-11-18 10:48:40.088  INFO 6920 --- [RMI TCP Connection(16)-127.0.0.1] com.zaxxer.hikari.HikariDataSource       : HikariPool-1 - Shutdown initiated...
2019-11-18 10:48:40.104  INFO 6920 --- [RMI TCP Connection(16)-127.0.0.1] com.zaxxer.hikari.HikariDataSource       : HikariPool-1 - Shutdown completed.
2019-11-18 10:48:45.868  INFO 16264 --- [restartedMain] com.oyms.OymsApplication                 : Starting OymsApplication on DESKTOP-BVOMM6I with PID 16264 (E:\work\sts\oymsbackend-master\target\classes started by User27 in E:\work\sts\oymsbackend-master)
2019-11-18 10:48:45.875  INFO 16264 --- [restartedMain] com.oyms.OymsApplication                 : No active profile set, falling back to default profiles: default
2019-11-18 10:48:45.966  INFO 16264 --- [restartedMain] .e.DevToolsPropertyDefaultsPostProcessor : Devtools property defaults active! Set 'spring.devtools.add-properties' to 'false' to disable
2019-11-18 10:48:45.966  INFO 16264 --- [restartedMain] .e.DevToolsPropertyDefaultsPostProcessor : For additional web related logging consider setting the 'logging.level.web' property to 'DEBUG'
2019-11-18 10:48:48.501  INFO 16264 --- [restartedMain] o.s.b.w.embedded.tomcat.TomcatWebServer  : Tomcat initialized with port(s): 8001 (http)
2019-11-18 10:48:48.547  INFO 16264 --- [restartedMain] o.apache.catalina.core.StandardService   : Starting service [Tomcat]
2019-11-18 10:48:48.548  INFO 16264 --- [restartedMain] org.apache.catalina.core.StandardEngine  : Starting Servlet engine: [Apache Tomcat/9.0.21]
2019-11-18 10:48:48.769  INFO 16264 --- [restartedMain] o.a.c.c.C.[Tomcat].[localhost].[/]       : Initializing Spring embedded WebApplicationContext
2019-11-18 10:48:48.771  INFO 16264 --- [restartedMain] o.s.web.context.ContextLoader            : Root WebApplicationContext: initialization completed in 2804 ms
2019-11-18 10:48:49.948  INFO 16264 --- [restartedMain] o.s.s.concurrent.ThreadPoolTaskExecutor  : Initializing ExecutorService 'applicationTaskExecutor'
2019-11-18 10:48:50.666  INFO 16264 --- [restartedMain] o.s.b.d.a.OptionalLiveReloadServer       : LiveReload server is running on port 35729
2019-11-18 10:48:50.769  INFO 16264 --- [restartedMain] o.s.b.w.embedded.tomcat.TomcatWebServer  : Tomcat started on port(s): 8001 (http) with context path ''
2019-11-18 10:48:50.776  INFO 16264 --- [restartedMain] com.oyms.OymsApplication                 : Started OymsApplication in 5.58 seconds (JVM running for 7.19)
2019-11-18 10:49:00.836  INFO 16264 --- [http-nio-8001-exec-1] o.a.c.c.C.[Tomcat].[localhost].[/]       : Initializing Spring DispatcherServlet 'dispatcherServlet'
2019-11-18 10:49:00.837  INFO 16264 --- [http-nio-8001-exec-1] o.s.web.servlet.DispatcherServlet        : Initializing Servlet 'dispatcherServlet'
2019-11-18 10:49:00.858  INFO 16264 --- [http-nio-8001-exec-1] o.s.web.servlet.DispatcherServlet        : Completed initialization in 20 ms
2019-11-18 10:49:00.946  INFO 16264 --- [http-nio-8001-exec-1] com.zaxxer.hikari.HikariDataSource       : HikariPool-1 - Starting...
2019-11-18 10:49:01.275  INFO 16264 --- [http-nio-8001-exec-1] com.zaxxer.hikari.HikariDataSource       : HikariPool-1 - Start completed.
2019-11-18 14:28:34.035  WARN 16264 --- [http-nio-8001-exec-9] .w.s.m.s.DefaultHandlerExceptionResolver : Resolved [org.springframework.web.method.annotation.MethodArgumentTypeMismatchException: Failed to convert value of type 'java.lang.String' to required type 'java.lang.Long'; nested exception is java.lang.NumberFormatException: For input string: ""]
2019-11-18 14:32:16.528  WARN 16264 --- [http-nio-8001-exec-2] .w.s.m.s.DefaultHandlerExceptionResolver : Resolved [org.springframework.web.method.annotation.MethodArgumentTypeMismatchException: Failed to convert value of type 'java.lang.String' to required type 'java.lang.Long'; nested exception is java.lang.NumberFormatException: For input string: "t2019"]
2019-11-18 14:32:39.739  WARN 16264 --- [http-nio-8001-exec-3] .w.s.m.s.DefaultHandlerExceptionResolver : Resolved [org.springframework.web.method.annotation.MethodArgumentTypeMismatchException: Failed to convert value of type 'java.lang.String' to required type 'java.lang.Long'; nested exception is java.lang.NumberFormatException: For input string: "t2019"]
